0 info it worked if it ends with ok
1 verbose cli [ '/usr/local/bin/node', '/usr/local/bin/npm', 'shrinkwrap' ]
2 info using npm@4.1.2
3 info using node@v7.7.3
4 info lifecycle weBuildClient@0.0.1~preshrinkwrap: weBuildClient@0.0.1
5 silly lifecycle weBuildClient@0.0.1~preshrinkwrap: no script for preshrinkwrap, continuing
6 info lifecycle weBuildClient@0.0.1~shrinkwrap: weBuildClient@0.0.1
7 silly lifecycle weBuildClient@0.0.1~shrinkwrap: no script for shrinkwrap, continuing
8 verbose stack Error: Problems were encountered
8 verbose stack Please correct and try again.
8 verbose stack peer invalid: react@^15.0.0, required by @shoutem/animation@0.8.10
8 verbose stack peer invalid: react-native-vector-icons@~4.0.0, required by native-base@2.1.3
8 verbose stack peer invalid: react@>=15.1.0, required by native-base-shoutem-theme@0.1.3
8 verbose stack peer invalid: react@^0.13.0 || ^0.14.0 || ^15.0.0, required by react-static-container@1.0.1
8 verbose stack peer invalid: react@^15.4.2, required by react-test-renderer@15.4.2
8 verbose stack     at shrinkwrap_ (/usr/local/lib/node_modules/npm/lib/shrinkwrap.js:128:15)
8 verbose stack     at Array.<anonymous> (/usr/local/lib/node_modules/npm/node_modules/slide/lib/bind-actor.js:15:8)
8 verbose stack     at LOOP (/usr/local/lib/node_modules/npm/node_modules/slide/lib/chain.js:15:14)
8 verbose stack     at /usr/local/lib/node_modules/npm/node_modules/slide/lib/chain.js:18:7
8 verbose stack     at done (/usr/local/lib/node_modules/npm/lib/utils/lifecycle.js:132:5)
8 verbose stack     at LOOP (/usr/local/lib/node_modules/npm/node_modules/slide/lib/chain.js:7:26)
8 verbose stack     at /usr/local/lib/node_modules/npm/node_modules/slide/lib/chain.js:18:7
8 verbose stack     at /usr/local/lib/node_modules/npm/lib/utils/lifecycle.js:318:20
8 verbose stack     at /usr/local/lib/node_modules/npm/node_modules/graceful-fs/polyfills.js:284:29
8 verbose stack     at FSReqWrap.oncomplete (fs.js:114:15)
9 verbose cwd /Users/DArchitetto/Development/weBuild/weBuildClient
10 error Darwin 16.6.0
11 error argv "/usr/local/bin/node" "/usr/local/bin/npm" "shrinkwrap"
12 error node v7.7.3
13 error npm  v4.1.2
14 error Problems were encountered
14 error Please correct and try again.
14 error peer invalid: react@^15.0.0, required by @shoutem/animation@0.8.10
14 error peer invalid: react-native-vector-icons@~4.0.0, required by native-base@2.1.3
14 error peer invalid: react@>=15.1.0, required by native-base-shoutem-theme@0.1.3
14 error peer invalid: react@^0.13.0 || ^0.14.0 || ^15.0.0, required by react-static-container@1.0.1
14 error peer invalid: react@^15.4.2, required by react-test-renderer@15.4.2
15 error If you need help, you may report this error at:
15 error     <https://github.com/npm/npm/issues>
16 verbose exit [ 1, true ]
